2026-06-04 13:21:44 ERROR - Erro ao enviar e-mail com anexo para operador@email.com - Pedido #1: Failed messages: jakarta.mail.MessagingException: IOException while sending message;
  nested exception is:
	java.io.IOException: closed
2026-06-04 13:34:24 INFO  - E-mail com anexo enviado para giseli3690@email.com - Pedido #1
2026-06-04 13:35:43 INFO  - E-mail com anexo enviado para giseli3690@gmail.com - Pedido #1
2026-06-04 13:38:42 INFO  - E-mail enviado para giseli3690@gmail.com - Pedido #1 status: PAGO
2026-06-04 14:03:27 INFO  - E-mail com anexo enviado para giseli3690@gmail.com - Pedido #1
2026-06-04 14:04:48 INFO  - E-mail com anexo enviado para giseli3690@gmail.com - Pedido #1
2026-06-04 14:05:15 INFO  - E-mail com anexo enviado para giseli3690@gmail.com - Pedido #1
2026-06-04 14:06:55 INFO  - E-mail com anexo enviado para giseli3690@gmail.com - Pedido #1
2026-06-04 14:14:59 INFO  - E-mail com anexo enviado para giseli3690@gmail.com - Pedido #1
2026-06-04 14:15:21 INFO  - E-mail de notificação de anexo enviado para giseli3690@gmail.com - Pedido #1
2026-06-04 14:17:16 INFO  - E-mail de notificação de anexo enviado para giseli3690@gmail.com - Pedido #1
2026-06-04 14:22:49 INFO  - E-mail de notificação de anexo enviado para giseli3690@gmail.com - Pedido #1
2026-06-04 14:23:20 INFO  - E-mail de notificação de anexo enviado para giseli3690@gmail.com - Pedido #1
2026-06-04 14:28:08 INFO  - E-mail de notificação de anexo enviado para giseli3690@gmail.com - Pedido #1
2026-06-04 14:30:24 INFO  - E-mail de notificação de anexo enviado para giseli3690@gmail.com - Pedido #1
2026-06-04 14:32:03 INFO  - E-mail de notificação de anexo enviado para giseli3690@gmail.com - Pedido #1
2026-06-04 14:32:26 INFO  - E-mail de notificação de anexo enviado para giseli3690@gmail.com - Pedido #1
2026-06-04 14:39:41 INFO  - E-mail com anexo enviado para giseli3690@gmail.com - Pedido #1
2026-06-04 14:40:03 INFO  - E-mail com anexo enviado para giseli3690@gmail.com - Pedido #1
2026-06-04 14:48:43 INFO  - E-mail de notificação de anexo enviado para giseli3690@gmail.com - Pedido #1
2026-06-04 15:33:22 INFO  - E-mail de notificação de anexo enviado para giseli3690@gmail.com - Pedido #1
2026-06-04 15:34:58 INFO  - E-mail de notificação de anexo enviado para giseli3690@gmail.com - Pedido #1
2026-06-04 15:37:52 INFO  - E-mail de notificação de anexo enviado para giseli3690@gmail.com - Pedido #1
2026-06-04 15:37:57 INFO  - E-mail de notificação de anexo enviado para giseli3690@gmail.com - Pedido #1
2026-06-04 15:49:20 INFO  - E-mail de lote de anexos enviado para giseli3690@gmail.com - Pedido #1
2026-06-04 15:50:41 INFO  - E-mail com (1) anexo(s) enviado para giseli3690@gmail.com - Pedido #1
2026-06-04 15:55:30 INFO  - E-mail com (2) anexo(s) enviado para giseli3690@gmail.com - Pedido #1
2026-06-04 16:05:28 INFO  - E-mail enviado para giseli3690@gmail.com - Pedido #1 status: EM_PREPARACAO
